<?xml version="1.0" encoding="UTF-8"?>
<testsuite name="Pagina para realizar checkout del destino" tests="3" skipped="0" failures="0" errors="0" timestamp="2022-10-25T17:17:31" hostname="MANUELAA" time="84.708">
  <properties/>
  <testcase name="Realizar checkout del destino correctamente #1" classname="Pagina para realizar checkout del destino" time="31.717"/>
  <testcase name="Realizar checkout del destino correctamente #2" classname="Pagina para realizar checkout del destino" time="27.16"/>
  <testcase name="Realizar checkout del destino correctamente #3" classname="Pagina para realizar checkout del destino" time="25.831"/>
  <system-out><![CDATA[]]></system-out>
  <system-err><![CDATA[[Test worker] INFO io.cucumber.core.plugin.SerenityReporter - Running feature from file:///C:/Users/manue/OneDrive/Desktop/AutomatizacionBuk/src/test/resources/features/checkoutdestination.feature
[Test worker] INFO  - 
  _____   ___   ___   _____     ___   _____     _     ___   _____   ___   ___  
 |_   _| | __| / __| |_   _|   / __| |_   _|   /_\   | _ \ |_   _| | __| |   \ 
   | |   | _|  \__ \   | |     \__ \   | |    / _ \  |   /   | |   | _|  | |) |
   |_|   |___| |___/   |_|     |___/   |_|   /_/ \_\ |_|_\   |_|   |___| |___/ 

Realizar checkout del destino correctamente(pagina-para-realizar-checkout-del-destino;realizar-checkout-del-destino-correctamente)
--------------------------------------------------------------------------------
[Test worker] INFO net.thucydides.core.model.TestOutcome - SetUserStory Pagina para realizar checkout del destino
[Test worker] INFO net.thucydides.core.model.TestOutcome - SetUserStory Pagina para realizar checkout del destino
[Test worker] INFO net.serenitybdd.core.webdriver.driverproviders.ChromeDriverProvider - Using automatically driver download
[Test worker] INFO io.github.bonigarcia.wdm.WebDriverManager - Using chromedriver 106.0.5249.61 (resolved driver for Chrome 106)
[Test worker] INFO io.github.bonigarcia.wdm.WebDriverManager - Exporting webdriver.chrome.driver as C:\Users\manue\.cache\selenium\chromedriver\win32\106.0.5249.61\chromedriver.exe
[Test worker] INFO net.serenitybdd.core.webdriver.driverproviders.ProvideNewDriver - Instantiating driver
[Test worker] INFO net.serenitybdd.core.webdriver.driverproviders.ProvideNewDriver - Driver capabilities: Capabilities {acceptInsecureCerts: false, browserName: chrome, driver: chrome, goog:chromeOptions: {args: [--start-maximized, --test-type, --no-sandbox, --ignore-certificate-errors, \n                   --disa..., --disable-default-apps, --disable-extensions-file-a..., \n                   --disa...], extensions: []}, loggingPrefs: org.openqa.selenium.logging...}
Starting ChromeDriver 106.0.5249.61 (511755355844955cd3e264779baf0dd38212a4d0-refs/branch-heads/5249@{#569}) on port 25889
Only local connections are allowed.
Please see https://chromedriver.chromium.org/security-considerations for suggestions on keeping ChromeDriver safe.
ChromeDriver was started successfully.
oct 25, 2022 12:17:35 PM org.openqa.selenium.remote.ProtocolHandshake createSession
INFORMACIÓN: Detected dialect: W3C
[Test worker] INFO net.thucydides.core.model.TestOutcome - SetUserStory Pagina para realizar checkout del destino
[Test worker] INFO net.thucydides.core.model.TestOutcome - SetUserStory Pagina para realizar checkout del destino
[Test worker] INFO net.thucydides.core.model.TestOutcome - SetUserStory Pagina para realizar checkout del destino
[Test worker] INFO net.thucydides.core.model.TestOutcome - SetUserStory Pagina para realizar checkout del destino
[Test worker] INFO net.thucydides.core.model.TestOutcome - SetUserStory Pagina para realizar checkout del destino
[Test worker] INFO net.thucydides.core.model.TestOutcome - SetUserStory Pagina para realizar checkout del destino
[Test worker] INFO net.thucydides.core.model.TestOutcome - SetUserStory Pagina para realizar checkout del destino
[Test worker] INFO net.thucydides.core.model.TestOutcome - SetUserStory Pagina para realizar checkout del destino
[Test worker] INFO net.thucydides.core.model.TestOutcome - SetUserStory Pagina para realizar checkout del destino
[Test worker] INFO net.thucydides.core.model.TestOutcome - SetUserStory Pagina para realizar checkout del destino
[Test worker] INFO net.thucydides.core.model.TestOutcome - SetUserStory Pagina para realizar checkout del destino
[Test worker] INFO net.thucydides.core.model.TestOutcome - SetUserStory Pagina para realizar checkout del destino
[Test worker] INFO net.thucydides.core.model.TestOutcome - SetUserStory Pagina para realizar checkout del destino
[Test worker] INFO net.thucydides.core.model.TestOutcome - SetUserStory Pagina para realizar checkout del destino
[Test worker] INFO net.thucydides.core.model.TestOutcome - SetUserStory Pagina para realizar checkout del destino
[Test worker] INFO net.thucydides.core.model.TestOutcome - SetUserStory Pagina para realizar checkout del destino
[Test worker] INFO net.thucydides.core.model.TestOutcome - SetUserStory Pagina para realizar checkout del destino
[Test worker] INFO net.thucydides.core.model.TestOutcome - SetUserStory Pagina para realizar checkout del destino
[Test worker] INFO net.thucydides.core.model.TestOutcome - SetUserStory Pagina para realizar checkout del destino
[Test worker] INFO net.thucydides.core.model.TestOutcome - SetUserStory Pagina para realizar checkout del destino
[Test worker] INFO net.thucydides.core.model.TestOutcome - SetUserStory Pagina para realizar checkout del destino
[Test worker] INFO net.thucydides.core.model.TestOutcome - SetUserStory Pagina para realizar checkout del destino
[Test worker] INFO net.thucydides.core.model.TestOutcome - SetUserStory Pagina para realizar checkout del destino
[Test worker] INFO net.thucydides.core.model.TestOutcome - SetUserStory Pagina para realizar checkout del destino
[Test worker] INFO net.thucydides.core.model.TestOutcome - SetUserStory Pagina para realizar checkout del destino
[Test worker] INFO net.thucydides.core.model.TestOutcome - SetUserStory Pagina para realizar checkout del destino
[Test worker] INFO net.thucydides.core.model.TestOutcome - SetUserStory Pagina para realizar checkout del destino
[Test worker] INFO net.thucydides.core.model.TestOutcome - SetUserStory Pagina para realizar checkout del destino
[Test worker] INFO net.thucydides.core.model.TestOutcome - SetUserStory Pagina para realizar checkout del destino
[Test worker] INFO net.thucydides.core.model.TestOutcome - SetUserStory Pagina para realizar checkout del destino
[Test worker] INFO net.thucydides.core.model.TestOutcome - SetUserStory Pagina para realizar checkout del destino
[Test worker] INFO net.thucydides.core.model.TestOutcome - SetUserStory Pagina para realizar checkout del destino
[Test worker] INFO net.thucydides.core.model.TestOutcome - SetUserStory Pagina para realizar checkout del destino
[Test worker] INFO net.thucydides.core.model.TestOutcome - SetUserStory Pagina para realizar checkout del destino
[Test worker] INFO net.thucydides.core.model.TestOutcome - SetUserStory Pagina para realizar checkout del destino
[Test worker] INFO net.thucydides.core.model.TestOutcome - SetUserStory Pagina para realizar checkout del destino
[Test worker] INFO net.thucydides.core.model.TestOutcome - SetUserStory Pagina para realizar checkout del destino
[Test worker] INFO net.thucydides.core.model.TestOutcome - SetUserStory Pagina para realizar checkout del destino
[Test worker] INFO  - 
  _____   ___   ___   _____     ___     _     ___   ___   ___   ___  
 |_   _| | __| / __| |_   _|   | _ \   /_\   / __| / __| | __| |   \ 
   | |   | _|  \__ \   | |     |  _/  / _ \  \__ \ \__ \ | _|  | |) |
   |_|   |___| |___/   |_|     |_|   /_/ \_\ |___/ |___/ |___| |___/ 

Realizar checkout del destino correctamente
----------------------------------------------------------------------
[Test worker] INFO io.cucumber.core.plugin.SerenityReporter - Running feature from file:///C:/Users/manue/OneDrive/Desktop/AutomatizacionBuk/src/test/resources/features/checkoutdestination.feature
[Test worker] INFO net.serenitybdd.core.webdriver.driverproviders.ChromeDriverProvider - Using automatically driver download
[Test worker] INFO io.github.bonigarcia.wdm.WebDriverManager - Using chromedriver 106.0.5249.61 (resolved driver for Chrome 106)
[Test worker] INFO io.github.bonigarcia.wdm.WebDriverManager - Exporting webdriver.chrome.driver as C:\Users\manue\.cache\selenium\chromedriver\win32\106.0.5249.61\chromedriver.exe
[Test worker] INFO net.serenitybdd.core.webdriver.driverproviders.ProvideNewDriver - Instantiating driver
[Test worker] INFO net.serenitybdd.core.webdriver.driverproviders.ProvideNewDriver - Driver capabilities: Capabilities {acceptInsecureCerts: false, browserName: chrome, driver: chrome, goog:chromeOptions: {args: [--start-maximized, --test-type, --no-sandbox, --ignore-certificate-errors, \n                   --disa..., --disable-default-apps, --disable-extensions-file-a..., \n                   --disa...], extensions: []}, loggingPrefs: org.openqa.selenium.logging...}
Starting ChromeDriver 106.0.5249.61 (511755355844955cd3e264779baf0dd38212a4d0-refs/branch-heads/5249@{#569}) on port 37705
Only local connections are allowed.
Please see https://chromedriver.chromium.org/security-considerations for suggestions on keeping ChromeDriver safe.
ChromeDriver was started successfully.
oct 25, 2022 12:18:04 PM org.openqa.selenium.remote.ProtocolHandshake createSession
INFORMACIÓN: Detected dialect: W3C
[Test worker] INFO net.thucydides.core.model.TestOutcome - SetUserStory Pagina para realizar checkout del destino
[Test worker] INFO net.thucydides.core.model.TestOutcome - SetUserStory Pagina para realizar checkout del destino
[Test worker] INFO net.thucydides.core.model.TestOutcome - SetUserStory Pagina para realizar checkout del destino
[Test worker] INFO net.thucydides.core.model.TestOutcome - SetUserStory Pagina para realizar checkout del destino
[Test worker] INFO net.thucydides.core.model.TestOutcome - SetUserStory Pagina para realizar checkout del destino
[Test worker] INFO net.thucydides.core.model.TestOutcome - SetUserStory Pagina para realizar checkout del destino
[Test worker] INFO net.thucydides.core.model.TestOutcome - SetUserStory Pagina para realizar checkout del destino
[Test worker] INFO net.thucydides.core.model.TestOutcome - SetUserStory Pagina para realizar checkout del destino
[Test worker] INFO net.thucydides.core.model.TestOutcome - SetUserStory Pagina para realizar checkout del destino
[Test worker] INFO net.thucydides.core.model.TestOutcome - SetUserStory Pagina para realizar checkout del destino
[Test worker] INFO net.thucydides.core.model.TestOutcome - SetUserStory Pagina para realizar checkout del destino
[Test worker] INFO net.thucydides.core.model.TestOutcome - SetUserStory Pagina para realizar checkout del destino
[Test worker] INFO net.thucydides.core.model.TestOutcome - SetUserStory Pagina para realizar checkout del destino
[Test worker] INFO net.thucydides.core.model.TestOutcome - SetUserStory Pagina para realizar checkout del destino
[Test worker] INFO net.thucydides.core.model.TestOutcome - SetUserStory Pagina para realizar checkout del destino
[Test worker] INFO net.thucydides.core.model.TestOutcome - SetUserStory Pagina para realizar checkout del destino
[Test worker] INFO net.thucydides.core.model.TestOutcome - SetUserStory Pagina para realizar checkout del destino
[Test worker] INFO net.thucydides.core.model.TestOutcome - SetUserStory Pagina para realizar checkout del destino
[Test worker] INFO net.thucydides.core.model.TestOutcome - SetUserStory Pagina para realizar checkout del destino
[Test worker] INFO net.thucydides.core.model.TestOutcome - SetUserStory Pagina para realizar checkout del destino
[Test worker] INFO net.thucydides.core.model.TestOutcome - SetUserStory Pagina para realizar checkout del destino
[Test worker] INFO net.thucydides.core.model.TestOutcome - SetUserStory Pagina para realizar checkout del destino
[Test worker] INFO net.thucydides.core.model.TestOutcome - SetUserStory Pagina para realizar checkout del destino
[Test worker] INFO net.thucydides.core.model.TestOutcome - SetUserStory Pagina para realizar checkout del destino
[Test worker] INFO net.thucydides.core.model.TestOutcome - SetUserStory Pagina para realizar checkout del destino
[Test worker] INFO net.thucydides.core.model.TestOutcome - SetUserStory Pagina para realizar checkout del destino
[Test worker] INFO net.thucydides.core.model.TestOutcome - SetUserStory Pagina para realizar checkout del destino
[Test worker] INFO net.thucydides.core.model.TestOutcome - SetUserStory Pagina para realizar checkout del destino
[Test worker] INFO net.thucydides.core.model.TestOutcome - SetUserStory Pagina para realizar checkout del destino
[Test worker] INFO net.thucydides.core.model.TestOutcome - SetUserStory Pagina para realizar checkout del destino
[Test worker] INFO net.thucydides.core.model.TestOutcome - SetUserStory Pagina para realizar checkout del destino
[Test worker] INFO net.thucydides.core.model.TestOutcome - SetUserStory Pagina para realizar checkout del destino
[Test worker] INFO net.thucydides.core.model.TestOutcome - SetUserStory Pagina para realizar checkout del destino
[Test worker] INFO net.thucydides.core.model.TestOutcome - SetUserStory Pagina para realizar checkout del destino
[Test worker] INFO net.thucydides.core.model.TestOutcome - SetUserStory Pagina para realizar checkout del destino
[Test worker] INFO net.thucydides.core.model.TestOutcome - SetUserStory Pagina para realizar checkout del destino
[Test worker] INFO net.thucydides.core.model.TestOutcome - SetUserStory Pagina para realizar checkout del destino
[Test worker] INFO net.thucydides.core.model.TestOutcome - SetUserStory Pagina para realizar checkout del destino
[Test worker] INFO  - 
  _____   ___   ___   _____     ___     _     ___   ___   ___   ___  
 |_   _| | __| / __| |_   _|   | _ \   /_\   / __| / __| | __| |   \ 
   | |   | _|  \__ \   | |     |  _/  / _ \  \__ \ \__ \ | _|  | |) |
   |_|   |___| |___/   |_|     |_|   /_/ \_\ |___/ |___/ |___| |___/ 

Realizar checkout del destino correctamente
----------------------------------------------------------------------
[Test worker] INFO io.cucumber.core.plugin.SerenityReporter - Running feature from file:///C:/Users/manue/OneDrive/Desktop/AutomatizacionBuk/src/test/resources/features/checkoutdestination.feature
[Test worker] INFO net.serenitybdd.core.webdriver.driverproviders.ChromeDriverProvider - Using automatically driver download
[Test worker] INFO io.github.bonigarcia.wdm.WebDriverManager - Using chromedriver 106.0.5249.61 (resolved driver for Chrome 106)
[Test worker] INFO io.github.bonigarcia.wdm.WebDriverManager - Exporting webdriver.chrome.driver as C:\Users\manue\.cache\selenium\chromedriver\win32\106.0.5249.61\chromedriver.exe
[Test worker] INFO net.serenitybdd.core.webdriver.driverproviders.ProvideNewDriver - Instantiating driver
[Test worker] INFO net.serenitybdd.core.webdriver.driverproviders.ProvideNewDriver - Driver capabilities: Capabilities {acceptInsecureCerts: false, browserName: chrome, driver: chrome, goog:chromeOptions: {args: [--start-maximized, --test-type, --no-sandbox, --ignore-certificate-errors, \n                   --disa..., --disable-default-apps, --disable-extensions-file-a..., \n                   --disa...], extensions: []}, loggingPrefs: org.openqa.selenium.logging...}
Starting ChromeDriver 106.0.5249.61 (511755355844955cd3e264779baf0dd38212a4d0-refs/branch-heads/5249@{#569}) on port 11756
Only local connections are allowed.
Please see https://chromedriver.chromium.org/security-considerations for suggestions on keeping ChromeDriver safe.
ChromeDriver was started successfully.
oct 25, 2022 12:18:31 PM org.openqa.selenium.remote.ProtocolHandshake createSession
INFORMACIÓN: Detected dialect: W3C
[Test worker] INFO net.thucydides.core.model.TestOutcome - SetUserStory Pagina para realizar checkout del destino
[Test worker] INFO net.thucydides.core.model.TestOutcome - SetUserStory Pagina para realizar checkout del destino
[Test worker] INFO net.thucydides.core.model.TestOutcome - SetUserStory Pagina para realizar checkout del destino
[Test worker] INFO net.thucydides.core.model.TestOutcome - SetUserStory Pagina para realizar checkout del destino
[Test worker] INFO net.thucydides.core.model.TestOutcome - SetUserStory Pagina para realizar checkout del destino
[Test worker] INFO net.thucydides.core.model.TestOutcome - SetUserStory Pagina para realizar checkout del destino
[Test worker] INFO net.thucydides.core.model.TestOutcome - SetUserStory Pagina para realizar checkout del destino
[Test worker] INFO net.thucydides.core.model.TestOutcome - SetUserStory Pagina para realizar checkout del destino
[Test worker] INFO net.thucydides.core.model.TestOutcome - SetUserStory Pagina para realizar checkout del destino
[Test worker] INFO net.thucydides.core.model.TestOutcome - SetUserStory Pagina para realizar checkout del destino
[Test worker] INFO net.thucydides.core.model.TestOutcome - SetUserStory Pagina para realizar checkout del destino
[Test worker] INFO net.thucydides.core.model.TestOutcome - SetUserStory Pagina para realizar checkout del destino
[Test worker] INFO net.thucydides.core.model.TestOutcome - SetUserStory Pagina para realizar checkout del destino
[Test worker] INFO net.thucydides.core.model.TestOutcome - SetUserStory Pagina para realizar checkout del destino
[Test worker] INFO net.thucydides.core.model.TestOutcome - SetUserStory Pagina para realizar checkout del destino
[Test worker] INFO net.thucydides.core.model.TestOutcome - SetUserStory Pagina para realizar checkout del destino
[Test worker] INFO net.thucydides.core.model.TestOutcome - SetUserStory Pagina para realizar checkout del destino
[Test worker] INFO net.thucydides.core.model.TestOutcome - SetUserStory Pagina para realizar checkout del destino
[Test worker] INFO net.thucydides.core.model.TestOutcome - SetUserStory Pagina para realizar checkout del destino
[Test worker] INFO net.thucydides.core.model.TestOutcome - SetUserStory Pagina para realizar checkout del destino
[Test worker] INFO net.thucydides.core.model.TestOutcome - SetUserStory Pagina para realizar checkout del destino
[Test worker] INFO net.thucydides.core.model.TestOutcome - SetUserStory Pagina para realizar checkout del destino
[Test worker] INFO net.thucydides.core.model.TestOutcome - SetUserStory Pagina para realizar checkout del destino
[Test worker] INFO net.thucydides.core.model.TestOutcome - SetUserStory Pagina para realizar checkout del destino
[Test worker] INFO net.thucydides.core.model.TestOutcome - SetUserStory Pagina para realizar checkout del destino
[Test worker] INFO net.thucydides.core.model.TestOutcome - SetUserStory Pagina para realizar checkout del destino
[Test worker] INFO net.thucydides.core.model.TestOutcome - SetUserStory Pagina para realizar checkout del destino
[Test worker] INFO net.thucydides.core.model.TestOutcome - SetUserStory Pagina para realizar checkout del destino
[Test worker] INFO net.thucydides.core.model.TestOutcome - SetUserStory Pagina para realizar checkout del destino
[Test worker] INFO net.thucydides.core.model.TestOutcome - SetUserStory Pagina para realizar checkout del destino
[Test worker] INFO net.thucydides.core.model.TestOutcome - SetUserStory Pagina para realizar checkout del destino
[Test worker] INFO net.thucydides.core.model.TestOutcome - SetUserStory Pagina para realizar checkout del destino
[Test worker] INFO net.thucydides.core.model.TestOutcome - SetUserStory Pagina para realizar checkout del destino
[Test worker] INFO net.thucydides.core.model.TestOutcome - SetUserStory Pagina para realizar checkout del destino
[Test worker] INFO net.thucydides.core.model.TestOutcome - SetUserStory Pagina para realizar checkout del destino
[Test worker] INFO net.thucydides.core.model.TestOutcome - SetUserStory Pagina para realizar checkout del destino
[Test worker] INFO net.thucydides.core.model.TestOutcome - SetUserStory Pagina para realizar checkout del destino
[Test worker] INFO net.thucydides.core.model.TestOutcome - SetUserStory Pagina para realizar checkout del destino
]]></system-err>
</testsuite>
